[INFO ]  Performing some trivial sanity checks
[DEBUG]  Testing '! ( -n  )'
[DEBUG]  Testing '! ( -n  )'
[DEBUG]  Testing '! ( -n  )'
[DEBUG]  Testing '! ( -n  )'
[DEBUG]  Testing '! ( -n  )'
[DEBUG]  Testing '! ( -n  )'
[DEBUG]  ==> Executing: 'mkdir' '-p' '/home/niklas/Desktop/vendor-install-tools/.travis/cross/arm-eabi/.build' 
[DEBUG]  ==> Executing: 'rm' '-f' '/home/niklas/Desktop/vendor-install-tools/.travis/cross/arm-eabi/.build/backtrace' 
[DEBUG]  ==> Executing: 'touch' '/home/niklas/Desktop/vendor-install-tools/.travis/cross/arm-eabi/.build/foo' 
[DEBUG]  Testing '! ( -f /home/niklas/Desktop/vendor-install-tools/.travis/cross/arm-eabi/.build/FOO )'
[DEBUG]  ==> Executing: 'rm' '-f' '/home/niklas/Desktop/vendor-install-tools/.travis/cross/arm-eabi/.build/foo' 
[DEBUG]  Testing '-f /bin/bash -a -x /bin/bash'
[DEBUG]  Creating bin-override for tools in '/home/niklas/Desktop/vendor-install-tools/.travis/cross/arm-eabi/.build/tools'
[DEBUG]  ==> Executing: 'mkdir' '-p' '/home/niklas/Desktop/vendor-install-tools/.travis/cross/arm-eabi/.build/tools/bin' 
[DEBUG]  Creating script-override for 'install' -> '"/usr/bin/install -c"'
[DEBUG]  ==> Executing: 'chmod' '700' '/home/niklas/Desktop/vendor-install-tools/.travis/cross/arm-eabi/.build/tools/bin/install' 
[DEBUG]  Creating script-override for 'bash' -> '"/bin/bash"'
[DEBUG]  ==> Executing: 'chmod' '700' '/home/niklas/Desktop/vendor-install-tools/.travis/cross/arm-eabi/.build/tools/bin/bash' 
[DEBUG]  Creating script-override for 'awk' -> '"/usr/bin/gawk"'
[DEBUG]  ==> Executing: 'chmod' '700' '/home/niklas/Desktop/vendor-install-tools/.travis/cross/arm-eabi/.build/tools/bin/awk' 
[DEBUG]  Creating script-override for 'grep' -> '"/bin/grep"'
[DEBUG]  ==> Executing: 'chmod' '700' '/home/niklas/Desktop/vendor-install-tools/.travis/cross/arm-eabi/.build/tools/bin/grep' 
[DEBUG]  Creating script-override for 'make' -> '"/usr/bin/make"'
[DEBUG]  ==> Executing: 'chmod' '700' '/home/niklas/Desktop/vendor-install-tools/.travis/cross/arm-eabi/.build/tools/bin/make' 
[DEBUG]  Creating script-override for 'sed' -> '"/bin/sed"'
[DEBUG]  ==> Executing: 'chmod' '700' '/home/niklas/Desktop/vendor-install-tools/.travis/cross/arm-eabi/.build/tools/bin/sed' 
[DEBUG]  Creating script-override for 'libtool' -> '"/usr/bin/libtool"'
[DEBUG]  ==> Executing: 'chmod' '700' '/home/niklas/Desktop/vendor-install-tools/.travis/cross/arm-eabi/.build/tools/bin/libtool' 
[DEBUG]  Creating script-override for 'libtoolize' -> '"/usr/bin/libtoolize"'
[DEBUG]  ==> Executing: 'chmod' '700' '/home/niklas/Desktop/vendor-install-tools/.travis/cross/arm-eabi/.build/tools/bin/libtoolize' 
[DEBUG]  Creating script-override for 'objcopy' -> '"/usr/bin/objcopy"'
[DEBUG]  ==> Executing: 'chmod' '700' '/home/niklas/Desktop/vendor-install-tools/.travis/cross/arm-eabi/.build/tools/bin/objcopy' 
[DEBUG]  Creating script-override for 'objdump' -> '"/usr/bin/objdump"'
[DEBUG]  ==> Executing: 'chmod' '700' '/home/niklas/Desktop/vendor-install-tools/.travis/cross/arm-eabi/.build/tools/bin/objdump' 
[DEBUG]  Creating script-override for 'readelf' -> '"/usr/bin/readelf"'
[DEBUG]  ==> Executing: 'chmod' '700' '/home/niklas/Desktop/vendor-install-tools/.travis/cross/arm-eabi/.build/tools/bin/readelf' 
[DEBUG]  Creating script-override for 'patch' -> '"/usr/bin/patch"'
[DEBUG]  ==> Executing: 'chmod' '700' '/home/niklas/Desktop/vendor-install-tools/.travis/cross/arm-eabi/.build/tools/bin/patch' 
[DEBUG]  Creating script-override for 'gperf' -> '"/usr/bin/gperf"'
[DEBUG]  ==> Executing: 'chmod' '700' '/home/niklas/Desktop/vendor-install-tools/.travis/cross/arm-eabi/.build/tools/bin/gperf' 
[INFO ]  Build started 20151231.030531
[DEBUG]  =================================================================
[DEBUG]  Dumping user-supplied crosstool-NG configuration
[DEBUG]    ==> Executing: '/bin/grep' '-E' '^(# )?CT_' '.config' 
[DEBUG]    CT_CONFIGURE_has_xz=y
[DEBUG]    CT_CONFIGURE_has_cvs=y
[DEBUG]    CT_CONFIGURE_has_svn=y
[DEBUG]    CT_MODULES=y
[DEBUG]    # CT_OBSOLETE is not set
[DEBUG]    # CT_EXPERIMENTAL is not set
[DEBUG]    # CT_DEBUG_CT is not set
[DEBUG]    CT_LOCAL_TARBALLS_DIR=""
[DEBUG]    CT_WORK_DIR="${CT_TOP_DIR}/.build"
[DEBUG]    CT_PREFIX_DIR="${HOME}/x-tools/${CT_TARGET}"
[DEBUG]    CT_INSTALL_DIR="${CT_PREFIX_DIR}"
[DEBUG]    CT_RM_RF_PREFIX_DIR=y
[DEBUG]    CT_REMOVE_DOCS=y
[DEBUG]    CT_INSTALL_DIR_RO=y
[DEBUG]    CT_STRIP_HOST_TOOLCHAIN_EXECUTABLES=y
[DEBUG]    # CT_STRIP_TARGET_TOOLCHAIN_EXECUTABLES is not set
[DEBUG]    # CT_FORBID_DOWNLOAD is not set
[DEBUG]    # CT_FORCE_DOWNLOAD is not set
[DEBUG]    CT_CONNECT_TIMEOUT=10
[DEBUG]    # CT_ONLY_DOWNLOAD is not set
[DEBUG]    # CT_USE_MIRROR is not set
[DEBUG]    # CT_FORCE_EXTRACT is not set
[DEBUG]    CT_OVERIDE_CONFIG_GUESS_SUB=y
[DEBUG]    # CT_ONLY_EXTRACT is not set
[DEBUG]    CT_PATCH_BUNDLED=y
[DEBUG]    # CT_PATCH_LOCAL is not set
[DEBUG]    # CT_PATCH_BUNDLED_LOCAL is not set
[DEBUG]    # CT_PATCH_LOCAL_BUNDLED is not set
[DEBUG]    # CT_PATCH_BUNDLED_FALLBACK_LOCAL is not set
[DEBUG]    # CT_PATCH_LOCAL_FALLBACK_BUNDLED is not set
[DEBUG]    # CT_PATCH_NONE is not set
[DEBUG]    CT_PATCH_ORDER="bundled"
[DEBUG]    CT_PARALLEL_JOBS=0
[DEBUG]    CT_LOAD=""
[DEBUG]    CT_USE_PIPES=y
[DEBUG]    CT_EXTRA_CFLAGS_FOR_BUILD=""
[DEBUG]    CT_EXTRA_LDFLAGS_FOR_BUILD=""
[DEBUG]    CT_EXTRA_CFLAGS_FOR_HOST=""
[DEBUG]    CT_EXTRA_LDFLAGS_FOR_HOST=""
[DEBUG]    # CT_CONFIG_SHELL_SH is not set
[DEBUG]    # CT_CONFIG_SHELL_ASH is not set
[DEBUG]    CT_CONFIG_SHELL_BASH=y
[DEBUG]    # CT_CONFIG_SHELL_CUSTOM is not set
[DEBUG]    CT_CONFIG_SHELL="${bash}"
[DEBUG]    # CT_LOG_ERROR is not set
[DEBUG]    # CT_LOG_WARN is not set
[DEBUG]    CT_LOG_INFO=y
[DEBUG]    # CT_LOG_EXTRA is not set
[DEBUG]    # CT_LOG_ALL is not set
[DEBUG]    # CT_LOG_DEBUG is not set
[DEBUG]    CT_LOG_LEVEL_MAX="INFO"
[DEBUG]    # CT_LOG_SEE_TOOLS_WARN is not set
[DEBUG]    CT_LOG_PROGRESS_BAR=y
[DEBUG]    CT_LOG_TO_FILE=y
[DEBUG]    CT_LOG_FILE_COMPRESS=y
[DEBUG]    CT_ARCH="alpha"
[DEBUG]    CT_ARCH_SUPPORTS_32=y
[DEBUG]    CT_ARCH_SUPPORTS_WITH_CPU=y
[DEBUG]    CT_ARCH_SUPPORTS_WITH_TUNE=y
[DEBUG]    CT_ARCH_DEFAULT_32=y
[DEBUG]    CT_ARCH_CPU=""
[DEBUG]    CT_ARCH_TUNE=""
[DEBUG]    CT_ARCH_32=y
[DEBUG]    CT_ARCH_BITNESS=32
[DEBUG]    CT_TARGET_CFLAGS=""
[DEBUG]    CT_TARGET_LDFLAGS=""
[DEBUG]    CT_ARCH_alpha=y
[DEBUG]    # CT_ARCH_arm is not set
[DEBUG]    # CT_ARCH_avr is not set
[DEBUG]    # CT_ARCH_m68k is not set
[DEBUG]    # CT_ARCH_mips is not set
[DEBUG]    # CT_ARCH_nios2 is not set
[DEBUG]    # CT_ARCH_powerpc is not set
[DEBUG]    # CT_ARCH_s390 is not set
[DEBUG]    # CT_ARCH_sh is not set
[DEBUG]    # CT_ARCH_sparc is not set
[DEBUG]    # CT_ARCH_x86 is not set
[DEBUG]    # CT_ARCH_xtensa is not set
[DEBUG]    CT_ARCH_alpha_AVAILABLE=y
[DEBUG]    CT_ARCH_arm_AVAILABLE=y
[DEBUG]    CT_ARCH_avr_AVAILABLE=y
[DEBUG]    CT_ARCH_m68k_AVAILABLE=y
[DEBUG]    CT_ARCH_microblaze_AVAILABLE=y
[DEBUG]    CT_ARCH_mips_AVAILABLE=y
[DEBUG]    CT_ARCH_nios2_AVAILABLE=y
[DEBUG]    CT_ARCH_powerpc_AVAILABLE=y
[DEBUG]    CT_ARCH_s390_AVAILABLE=y
[DEBUG]    CT_ARCH_sh_AVAILABLE=y
[DEBUG]    CT_ARCH_sparc_AVAILABLE=y
[DEBUG]    CT_ARCH_x86_AVAILABLE=y
[DEBUG]    CT_ARCH_xtensa_AVAILABLE=y
[DEBUG]    CT_ARCH_SUFFIX=""
[DEBUG]    # CT_MULTILIB is not set
[DEBUG]    CT_ARCH_USE_MMU=y
[DEBUG]    CT_ARCH_FLOAT=""
[DEBUG]    CT_ARCH_ALPHA_EV4=y
[DEBUG]    # CT_ARCH_ALPHA_EV45 is not set
[DEBUG]    # CT_ARCH_ALPHA_EV5 is not set
[DEBUG]    # CT_ARCH_ALPHA_EV56 is not set
[DEBUG]    # CT_ARCH_ALPHA_EV6 is not set
[DEBUG]    # CT_ARCH_ALPHA_EV67 is not set
[DEBUG]    CT_ARCH_ALPHA_VARIANT="ev4"
[DEBUG]    CT_FORCE_SYSROOT=y
[DEBUG]    CT_USE_SYSROOT=y
[DEBUG]    CT_SYSROOT_NAME="sysroot"
[DEBUG]    CT_SYSROOT_DIR_PREFIX=""
[DEBUG]    CT_WANTS_STATIC_LINK=y
[DEBUG]    # CT_STATIC_TOOLCHAIN is not set
[DEBUG]    CT_TOOLCHAIN_PKGVERSION=""
[DEBUG]    CT_TOOLCHAIN_BUGURL=""
[DEBUG]    CT_TARGET_VENDOR="unknown"
[DEBUG]    CT_TARGET_ALIAS_SED_EXPR=""
[DEBUG]    CT_TARGET_ALIAS=""
[DEBUG]    CT_CROSS=y
[DEBUG]    # CT_CANADIAN is not set
[DEBUG]    CT_TOOLCHAIN_TYPE="cross"
[DEBUG]    CT_BUILD=""
[DEBUG]    CT_BUILD_PREFIX=""
[DEBUG]    CT_BUILD_SUFFIX=""
[DEBUG]    # CT_TOOLCHAIN_ENABLE_NLS is not set
[DEBUG]    CT_BARE_METAL=y
[DEBUG]    CT_KERNEL="bare-metal"
[DEBUG]    CT_KERNEL_bare_metal=y
[DEBUG]    # CT_KERNEL_linux is not set
[DEBUG]    CT_KERNEL_bare_metal_AVAILABLE=y
[DEBUG]    CT_KERNEL_linux_AVAILABLE=y
[DEBUG]    CT_KERNEL_windows_AVAILABLE=y
[DEBUG]    CT_ARCH_BINFMT_ELF=y
[DEBUG]    CT_BINUTILS="binutils"
[DEBUG]    CT_BINUTILS_binutils=y
[DEBUG]    # CT_CC_BINUTILS_SHOW_LINARO is not set
[DEBUG]    CT_BINUTILS_V_2_25_1=y
[DEBUG]    # CT_BINUTILS_V_2_25 is not set
[DEBUG]    # CT_BINUTILS_V_2_24 is not set
[DEBUG]    # CT_BINUTILS_V_2_23_2 is not set
[DEBUG]    # CT_BINUTILS_V_2_23_1 is not set
[DEBUG]    # CT_BINUTILS_V_2_22 is not set
[DEBUG]    # CT_BINUTILS_V_2_21_53 is not set
[DEBUG]    # CT_BINUTILS_V_2_21_1a is not set
[DEBUG]    # CT_BINUTILS_V_2_20_1a is not set
[DEBUG]    # CT_BINUTILS_V_2_19_1a is not set
[DEBUG]    # CT_BINUTILS_V_2_18a is not set
[DEBUG]    CT_BINUTILS_VERSION="2.25.1"
[DEBUG]    CT_BINUTILS_2_25_1_or_later=y
[DEBUG]    CT_BINUTILS_2_25_or_later=y
[DEBUG]    CT_BINUTILS_2_24_or_later=y
[DEBUG]    CT_BINUTILS_2_23_or_later=y
[DEBUG]    CT_BINUTILS_2_22_or_later=y
[DEBUG]    CT_BINUTILS_2_21_or_later=y
[DEBUG]    CT_BINUTILS_2_20_or_later=y
[DEBUG]    CT_BINUTILS_2_19_or_later=y
[DEBUG]    CT_BINUTILS_2_18_or_later=y
[DEBUG]    CT_BINUTILS_HAS_HASH_STYLE=y
[DEBUG]    CT_BINUTILS_HAS_GOLD=y
[DEBUG]    CT_BINUTILS_HAS_PLUGINS=y
[DEBUG]    CT_BINUTILS_HAS_PKGVERSION_BUGURL=y
[DEBUG]    CT_BINUTILS_LINKER_LD=y
[DEBUG]    CT_BINUTILS_LINKERS_LIST="ld"
[DEBUG]    CT_BINUTILS_LINKER_DEFAULT="bfd"
[DEBUG]    # CT_BINUTILS_PLUGINS is not set
[DEBUG]    CT_BINUTILS_EXTRA_CONFIG_ARRAY=""
[DEBUG]    CT_LIBC="newlib"
[DEBUG]    CT_LIBC_VERSION="2.2.0"
[DEBUG]    CT_LIBC_newlib=y
[DEBUG]    # CT_LIBC_none is not set
[DEBUG]    CT_LIBC_avr_libc_AVAILABLE=y
[DEBUG]    CT_LIBC_glibc_AVAILABLE=y
[DEBUG]    CT_THREADS="none"
[DEBUG]    CT_LIBC_mingw_AVAILABLE=y
[DEBUG]    CT_LIBC_musl_AVAILABLE=y
[DEBUG]    CT_LIBC_newlib_AVAILABLE=y
[DEBUG]    # CT_CC_NEWLIB_SHOW_LINARO is not set
[DEBUG]    CT_LIBC_NEWLIB_V_2_2_0=y
[DEBUG]    # CT_LIBC_NEWLIB_V_2_1_0 is not set
[DEBUG]    # CT_LIBC_NEWLIB_V_2_0_0 is not set
[DEBUG]    # CT_LIBC_NEWLIB_V_1_20_0 is not set
[DEBUG]    # CT_LIBC_NEWLIB_V_1_19_0 is not set
[DEBUG]    # CT_LIBC_NEWLIB_V_1_18_0 is not set
[DEBUG]    # CT_LIBC_NEWLIB_V_1_17_0 is not set
[DEBUG]    CT_LIBC_NEWLIB_2_2=y
[DEBUG]    CT_LIBC_NEWLIB_2_2_or_later=y
[DEBUG]    CT_LIBC_NEWLIB_2_1_or_later=y
[DEBUG]    CT_LIBC_NEWLIB_2_0_or_later=y
[DEBUG]    CT_LIBC_NEWLIB_TARGET_CFLAGS=""
[DEBUG]    CT_LIBC_none_AVAILABLE=y
[DEBUG]    CT_LIBC_uClibc_AVAILABLE=y
[DEBUG]    CT_LIBC_SUPPORT_THREADS_NONE=y
[DEBUG]    CT_LIBC_PROVIDES_CXA_ATEXIT=y
[DEBUG]    CT_THREADS_NONE=y
[DEBUG]    # CT_LIBC_NEWLIB_IO_C99FMT is not set
[DEBUG]    # CT_LIBC_NEWLIB_IO_LL is not set
[DEBUG]    # CT_LIBC_NEWLIB_IO_FLOAT is not set
[DEBUG]    # CT_LIBC_NEWLIB_DISABLE_SUPPLIED_SYSCALLS is not set
[DEBUG]    CT_LIBC_NEWLIB_ENABLE_TARGET_OPTSPACE=y
[DEBUG]    CT_LIBC_NEWLIB_EXTRA_CONFIG_ARRAY=""
[DEBUG]    CT_CC="gcc"
[DEBUG]    CT_CC_CORE_PASS_2_NEEDED=y
[DEBUG]    CT_CC_gcc=y
[DEBUG]    # CT_CC_GCC_SHOW_LINARO is not set
[DEBUG]    CT_CC_GCC_V_5_2_0=y
[DEBUG]    # CT_CC_GCC_V_4_9_3 is not set
[DEBUG]    # CT_CC_GCC_V_4_8_5 is not set
[DEBUG]    # CT_CC_GCC_V_4_7_4 is not set
[DEBUG]    # CT_CC_GCC_V_4_6_4 is not set
[DEBUG]    # CT_CC_GCC_V_4_5_4 is not set
[DEBUG]    # CT_CC_GCC_V_4_4_7 is not set
[DEBUG]    # CT_CC_GCC_V_4_3_6 is not set
[DEBUG]    # CT_CC_GCC_V_4_2_4 is not set
[DEBUG]    CT_CC_GCC_4_2_or_later=y
[DEBUG]    CT_CC_GCC_4_3_or_later=y
[DEBUG]    CT_CC_GCC_4_4_or_later=y
[DEBUG]    CT_CC_GCC_4_5_or_later=y
[DEBUG]    CT_CC_GCC_4_6_or_later=y
[DEBUG]    CT_CC_GCC_4_7_or_later=y
[DEBUG]    CT_CC_GCC_4_8_or_later=y
[DEBUG]    CT_CC_GCC_4_9_or_later=y
[DEBUG]    CT_CC_GCC_5=y
[DEBUG]    CT_CC_GCC_5_or_later=y
[DEBUG]    CT_CC_GCC_HAS_GRAPHITE=y
[DEBUG]    CT_CC_GCC_USE_GRAPHITE=y
[DEBUG]    CT_CC_GCC_HAS_LTO=y
[DEBUG]    CT_CC_GCC_USE_LTO=y
[DEBUG]    CT_CC_GCC_HAS_PKGVERSION_BUGURL=y
[DEBUG]    CT_CC_GCC_HAS_BUILD_ID=y
[DEBUG]    CT_CC_GCC_HAS_LNK_HASH_STYLE=y
[DEBUG]    CT_CC_GCC_USE_GMP_MPFR=y
[DEBUG]    CT_CC_GCC_USE_MPC=y
[DEBUG]    CT_CC_GCC_HAS_LIBQUADMATH=y
[DEBUG]    CT_CC_GCC_HAS_LIBSANITIZER=y
[DEBUG]    CT_CC_GCC_VERSION="5.2.0"
[DEBUG]    # CT_CC_LANG_FORTRAN is not set
[DEBUG]    CT_CC_GCC_ENABLE_CXX_FLAGS=""
[DEBUG]    CT_CC_GCC_CORE_EXTRA_CONFIG_ARRAY=""
[DEBUG]    CT_CC_GCC_EXTRA_CONFIG_ARRAY=""
[DEBUG]    CT_CC_GCC_EXTRA_ENV_ARRAY=""
[DEBUG]    # CT_CC_GCC_TARGET_FINAL is not set
[DEBUG]    CT_CC_GCC_STATIC_LIBSTDCXX=y
[DEBUG]    # CT_CC_GCC_SYSTEM_ZLIB is not set
[DEBUG]    CT_CC_GCC_ENABLE_TARGET_OPTSPACE=y
[DEBUG]    # CT_CC_GCC_LIBMUDFLAP is not set
[DEBUG]    # CT_CC_GCC_LIBGOMP is not set
[DEBUG]    # CT_CC_GCC_LIBSSP is not set
[DEBUG]    # CT_CC_GCC_LIBQUADMATH is not set
[DEBUG]    CT_CC_CXA_ATEXIT=y
[DEBUG]    # CT_CC_GCC_DISABLE_PCH is not set
[DEBUG]    CT_CC_GCC_LDBL_128=m
[DEBUG]    # CT_CC_GCC_BUILD_ID is not set
[DEBUG]    CT_CC_GCC_LNK_HASH_STYLE_DEFAULT=y
[DEBUG]    # CT_CC_GCC_LNK_HASH_STYLE_SYSV is not set
[DEBUG]    # CT_CC_GCC_LNK_HASH_STYLE_GNU is not set
[DEBUG]    # CT_CC_GCC_LNK_HASH_STYLE_BOTH is not set
[DEBUG]    CT_CC_GCC_LNK_HASH_STYLE=""
[DEBUG]    CT_CC_GCC_DEC_FLOAT_AUTO=y
[DEBUG]    # CT_CC_GCC_DEC_FLOAT_BID is not set
[DEBUG]    # CT_CC_GCC_DEC_FLOAT_DPD is not set
[DEBUG]    # CT_CC_GCC_DEC_FLOATS_NO is not set
[DEBUG]    CT_CC_SUPPORT_CXX=y
[DEBUG]    CT_CC_SUPPORT_FORTRAN=y
[DEBUG]    CT_CC_SUPPORT_JAVA=y
[DEBUG]    CT_CC_SUPPORT_ADA=y
[DEBUG]    CT_CC_SUPPORT_OBJC=y
[DEBUG]    CT_CC_SUPPORT_OBJCXX=y
[DEBUG]    CT_CC_SUPPORT_GOLANG=y
[DEBUG]    # CT_CC_LANG_CXX is not set
[DEBUG]    # CT_DEBUG_dmalloc is not set
[DEBUG]    # CT_DEBUG_duma is not set
[DEBUG]    # CT_DEBUG_gdb is not set
[DEBUG]    # CT_DEBUG_ltrace is not set
[DEBUG]    # CT_DEBUG_strace is not set
[DEBUG]    CT_COMPLIBS_NEEDED=y
[DEBUG]    CT_GMP_NEEDED=y
[DEBUG]    CT_MPFR_NEEDED=y
[DEBUG]    CT_ISL_NEEDED=y
[DEBUG]    CT_MPC_NEEDED=y
[DEBUG]    CT_COMPLIBS=y
[DEBUG]    CT_GMP=y
[DEBUG]    CT_MPFR=y
[DEBUG]    CT_ISL=y
[DEBUG]    CT_MPC=y
[DEBUG]    CT_GMP_V_6_0_0=y
[DEBUG]    # CT_GMP_V_5_1_3 is not set
[DEBUG]    # CT_GMP_V_5_1_1 is not set
[DEBUG]    # CT_GMP_V_5_0_2 is not set
[DEBUG]    # CT_GMP_V_5_0_1 is not set
[DEBUG]    # CT_GMP_V_4_3_2 is not set
[DEBUG]    # CT_GMP_V_4_3_1 is not set
[DEBUG]    # CT_GMP_V_4_3_0 is not set
[DEBUG]    CT_GMP_5_0_2_or_later=y
[DEBUG]    CT_GMP_VERSION="6.0.0a"
[DEBUG]    CT_MPFR_V_3_1_3=y
[DEBUG]    # CT_MPFR_V_3_1_2 is not set
[DEBUG]    # CT_MPFR_V_3_1_0 is not set
[DEBUG]    # CT_MPFR_V_3_0_1 is not set
[DEBUG]    # CT_MPFR_V_3_0_0 is not set
[DEBUG]    # CT_MPFR_V_2_4_2 is not set
[DEBUG]    # CT_MPFR_V_2_4_1 is not set
[DEBUG]    # CT_MPFR_V_2_4_0 is not set
[DEBUG]    CT_MPFR_VERSION="3.1.3"
[DEBUG]    CT_ISL_V_0_14=y
[DEBUG]    # CT_ISL_V_0_12_2 is not set
[DEBUG]    CT_ISL_V_0_14_or_later=y
[DEBUG]    CT_ISL_V_0_12_or_later=y
[DEBUG]    CT_ISL_VERSION="0.14"
[DEBUG]    CT_MPC_V_1_0_3=y
[DEBUG]    # CT_MPC_V_1_0_2 is not set
[DEBUG]    # CT_MPC_V_1_0_1 is not set
[DEBUG]    # CT_MPC_V_1_0 is not set
[DEBUG]    # CT_MPC_V_0_9 is not set
[DEBUG]    # CT_MPC_V_0_8_2 is not set
[DEBUG]    # CT_MPC_V_0_8_1 is not set
[DEBUG]    # CT_MPC_V_0_7 is not set
[DEBUG]    CT_MPC_VERSION="1.0.3"
[DEBUG]    # CT_COMPLIBS_CHECK is not set
[DEBUG]    # CT_COMP_TOOLS is not set
[DEBUG]  Dumping user-supplied crosstool-NG configuration: done in 0.12s (at 00:01)
[DEBUG]  Unsetting and unexporting MAKEFLAGS
[INFO ]  Building environment variables
[DEBUG]  Disabling companion tools 'make'
[DEBUG]  Disabling companion tools 'm4'
[DEBUG]  Disabling companion tools 'autoconf'
[DEBUG]  Disabling companion tools 'automake'
[DEBUG]  Disabling companion tools 'libtool'
